<?xml version="1.0" encoding="UTF-8"?>
<testsuite xmlns:xsi="http://www.w3.org/2001/XMLSchema-instance" xsi:noNamespaceSchemaLocation="https://maven.apache.org/surefire/maven-surefire-plugin/xsd/surefire-test-report-3.0.xsd" version="3.0" name="spring.com.rest.api.SpringBootWebBasicRestApiApplicationTests" time="10.852" tests="1" errors="0" skipped="0" failures="0">
  <properties>
[...]
</properties>
  <testcase name="contextLoads" classname="spring.com.rest.api.SpringBootWebBasicRestApiApplicationTests" time="1.009">
    <system-out><![CDATA[18:35:30.636 [main] INFO org.springframework.test.context.support.AnnotationConfigContextLoaderUtils -- Could not detect default configuration classes for test class [spring.com.rest.api.SpringBootWebBasicRestApiApplicationTests]: SpringBootWebBasicRestApiApplicationTests does not declare any static, non-private, non-final, nested classes annotated with @Configuration.
18:35:30.780 [main] INFO org.springframework.boot.test.context.SpringBootTestContextBootstrapper -- Found @SpringBootConfiguration spring.com.rest.api.SpringBootWebBasicRestApiApplication for test class spring.com.rest.api.SpringBootWebBasicRestApiApplicationTests

  .   ____          _            __ _ _
 /\\ / ___'_ __ _ _(_)_ __  __ _ \ \ \ \
( ( )\___ | '_ | '_| | '_ \/ _` | \ \ \ \
 \\/  ___)| |_)| | | | | || (_| |  ) ) ) )
  '  |____| .__|_| |_|_| |_\__, | / / / /
 =========|_|==============|___/=/_/_/_/
 :: Spring Boot ::                (v3.1.1)

2023-10-03T18:35:31.557+05:30  INFO 21148 --- [           main] pringBootWebBasicRestApiApplicationTests : Starting SpringBootWebBasicRestApiApplicationTests using Java 17.0.7 with PID 21148 (started by srini in C:\Users\srini\Documents\workspace-spring-tool-suite-4-4.18.1.RELEASE\spring-boot-web-basic-rest-api)
2023-10-03T18:35:31.559+05:30  INFO 21148 --- [           main] pringBootWebBasicRestApiApplicationTests : No active profile set, falling back to 1 default profile: "default"
2023-10-03T18:35:33.186+05:30  INFO 21148 --- [           main] .s.d.r.c.RepositoryConfigurationDelegate : Bootstrapping Spring Data JPA repositories in DEFAULT mode.
2023-10-03T18:35:33.314+05:30  INFO 21148 --- [           main] .s.d.r.c.RepositoryConfigurationDelegate : Finished Spring Data repository scanning in 113 ms. Found 7 JPA repository interfaces.
2023-10-03T18:35:34.120+05:30  INFO 21148 --- [           main] o.hibernate.jpa.internal.util.LogHelper  : HHH000204: Processing PersistenceUnitInfo [name: default]
2023-10-03T18:35:34.228+05:30  INFO 21148 --- [           main] org.hibernate.Version                    : HHH000412: Hibernate ORM core version 6.2.5.Final
2023-10-03T18:35:34.231+05:30  INFO 21148 --- [           main] org.hibernate.cfg.Environment            : HHH000406: Using bytecode reflection optimizer
2023-10-03T18:35:34.610+05:30  INFO 21148 --- [           main] o.h.b.i.BytecodeProviderInitiator        : HHH000021: Bytecode provider name : bytebuddy
2023-10-03T18:35:34.838+05:30  INFO 21148 --- [           main] o.s.o.j.p.SpringPersistenceUnitInfo      : No LoadTimeWeaver setup: ignoring JPA class transformer
2023-10-03T18:35:34.861+05:30  INFO 21148 --- [           main] com.zaxxer.hikari.HikariDataSource       : HikariPool-1 - Starting...
2023-10-03T18:35:34.866+05:30  WARN 21148 --- [           main] c.zaxxer.hikari.util.DriverDataSource    : Registered driver with driverClassName=com.mysql.jdbc.Driver was not found, trying direct instantiation.
2023-10-03T18:35:35.339+05:30  INFO 21148 --- [           main] com.zaxxer.hikari.pool.HikariPool        : HikariPool-1 - Added connection com.mysql.cj.jdbc.ConnectionImpl@404dc999
2023-10-03T18:35:35.344+05:30  INFO 21148 --- [           main] com.zaxxer.hikari.HikariDataSource       : HikariPool-1 - Start completed.
2023-10-03T18:35:35.954+05:30  INFO 21148 --- [           main] o.h.b.i.BytecodeProviderInitiator        : HHH000021: Bytecode provider name : bytebuddy
2023-10-03T18:35:37.082+05:30  INFO 21148 --- [           main] o.h.e.t.j.p.i.JtaPlatformInitiator       : HHH000490: Using JtaPlatform implementation: [org.hibernate.engine.transaction.jta.platform.internal.NoJtaPlatform]
2023-10-03T18:35:37.221+05:30  INFO 21148 --- [           main] j.LocalContainerEntityManagerFactoryBean : Initialized JPA EntityManagerFactory for persistence unit 'default'
2023-10-03T18:35:37.717+05:30  INFO 21148 --- [           main] o.s.d.j.r.query.QueryEnhancerFactory     : Hibernate is in classpath; If applicable, HQL parser will be used.
2023-10-03T18:35:38.289+05:30  WARN 21148 --- [           main] JpaBaseConfiguration$JpaWebConfiguration : spring.jpa.open-in-view is enabled by default. Therefore, database queries may be performed during view rendering. Explicitly configure spring.jpa.open-in-view to disable this warning
2023-10-03T18:35:40.016+05:30  INFO 21148 --- [           main] o.s.b.a.e.web.EndpointLinksResolver      : Exposing 13 endpoint(s) beneath base path '/actuator'
2023-10-03T18:35:40.137+05:30  INFO 21148 --- [           main] pringBootWebBasicRestApiApplicationTests : Started SpringBootWebBasicRestApiApplicationTests in 9.107 seconds (process running for 10.922)
]]></system-out>
    <system-err><![CDATA[Loading class `com.mysql.jdbc.Driver'. This is deprecated. The new driver class is `com.mysql.cj.jdbc.Driver'. The driver is automatically registered via the SPI and manual loading of the driver class is generally unnecessary.
]]></system-err>
  </testcase>
</testsuite>